<?xml version="1.0" encoding="UTF-8"?>
<!-- Generated by org.testng.reporters.JUnitXMLReporter -->
<testsuite ignored="0" hostname="DESKTOP-U7TEA4J" failures="0" tests="5" name="Surefire test" time="81.987" errors="0" timestamp="2022-03-17T11:42:25 IST">
  <testcase classname="tests.FourTest" name="fourTest" time="0.016"/>
  <testcase classname="tests.LoginTest" name="logintestOne" time="10.641"/>
  <testcase classname="tests.LoginTest" name="logintestOne" time="16.323"/>
  <testcase classname="tests.ThreeTest" name="threeTest" time="0.016"/>
  <testcase classname="tests.TwoTest" name="twoTest" time="0.0"/>
</testsuite> <!-- Surefire test -->
